<?xml version="1.0" encoding="utf-8"?><testsuites name="pytest tests"><testsuite name="pytest" errors="0" failures="1" skipped="0" tests="24" time="15.649" timestamp="2026-08-28T07:58:29.486437+00:00" hostname="agent-env-8bb3fc67-c482-4b2e-83fd-e4f9ae0c0fb6"><testcase classname="tests.test_classroom.TestTeacherDashboard" name="test_dashboard_fields" time="4.334" /><testcase classname="tests.test_classroom.TestTeacherDashboard" name="test_my_classes_only_assigned" time="0.482" /><testcase classname="tests.test_classroom.TestTeacherDashboard" name="test_student_cannot_access_my_classes" time="0.418" /><testcase classname="tests.test_classroom.TestHomework" name="test_create_and_persist" time="0.603" /><testcase classname="tests.test_classroom.TestHomework" name="test_cannot_create_for_unassigned_class" time="0.421" /><testcase classname="tests.test_classroom.TestHomework" name="test_cannot_create_for_other_school_class" time="0.441" /><testcase classname="tests.test_classroom.TestHomework" name="test_student_sees_only_own_class" time="0.860" /><testcase classname="tests.test_classroom.TestHomework" name="test_parent_sees_only_child_class" time="0.389" /><testcase classname="tests.test_classroom.TestHomework" name="test_student_cannot_create" time="0.365" /><testcase classname="tests.test_classroom.TestHomework" name="test_teacher_cannot_delete_others_item" time="0.532" /><testcase classname="tests.test_classroom.TestHomework" name="test_teacher_can_delete_own" time="0.495" /><testcase classname="tests.test_classroom.TestHomework" name="test_student_cannot_delete" time="0.410" /><testcase classname="tests.test_classroom.TestMaterialsFile" name="test_upload_and_create_material_and_download" time="0.789"><failure message="assert 401 == 200&#10; +  where 401 = &lt;Response [401]&gt;.status_code">backend/tests/test_classroom.py:270: in test_upload_and_create_material_and_download
    assert rd.status_code == 200
E   assert 401 == 200
E    +  where 401 = &lt;Response [401]&gt;.status_code</failure></testcase><testcase classname="tests.test_classroom.TestMaterialsFile" name="test_download_requires_auth" time="0.133" /><testcase classname="tests.test_classroom.TestMaterialsFile" name="test_student_reads_material" time="0.398" /><testcase classname="tests.test_classroom.TestMaterialsFile" name="test_cross_school_material_hidden" time="0.540" /><testcase classname="tests.test_classroom.TestMaterialsFile" name="test_cross_school_delete_forbidden" time="0.447" /><testcase classname="tests.test_classroom.TestVideos" name="test_create_list_and_isolation" time="0.882" /><testcase classname="tests.test_classroom.TestVideos" name="test_teacher_cannot_create_video_unassigned" time="0.398" /><testcase classname="tests.test_classroom.TestAttendanceScoping" name="test_teacher_marks_assigned" time="0.445" /><testcase classname="tests.test_classroom.TestAttendanceScoping" name="test_teacher_blocked_unassigned" time="0.425" /><testcase classname="tests.test_classroom.TestAttendanceScoping" name="test_persistence" time="0.364" /><testcase classname="tests.test_classroom.TestSession" name="test_logout_clears_session" time="0.516" /><testcase classname="tests.test_classroom.TestSession" name="test_teacher_cannot_change_role_or_school" time="0.452" /></testsuite></testsuites>