<?xml version="1.0" encoding="utf-8"?><testsuites name="pytest tests"><testsuite name="pytest" errors="0" failures="0" skipped="0" tests="14" time="4.029" timestamp="2026-08-28T08:21:44.774983+00:00" hostname="agent-env-8bb3fc67-c482-4b2e-83fd-e4f9ae0c0fb6"><testcase classname="tests.test_my_school.TestGetMySchool" name="test_admin_gets_own_school" time="2.165" /><testcase classname="tests.test_my_school.TestGetMySchool" name="test_admin_b_gets_own_school_only" time="0.057" /><testcase classname="tests.test_my_school.TestGetMySchool" name="test_principal_can_read" time="0.439" /><testcase classname="tests.test_my_school.TestGetMySchool" name="test_founder_cannot_use_my_school" time="0.055" /><testcase classname="tests.test_my_school.TestUpdateMySchool" name="test_update_editable_fields_persists" time="0.127" /><testcase classname="tests.test_my_school.TestUpdateMySchool" name="test_founder_fields_ignored" time="0.192" /><testcase classname="tests.test_my_school.TestUpdateMySchool" name="test_principal_cannot_put" time="0.413" /><testcase classname="tests.test_my_school.TestUpdateMySchool" name="test_founder_cannot_put" time="0.051" /><testcase classname="tests.test_my_school.TestUpdateMySchool" name="test_empty_payload_rejected" time="0.063" /><testcase classname="tests.test_my_school.TestUpdateMySchool" name="test_only_founder_fields_payload_rejected" time="0.063" /><testcase classname="tests.test_my_school.TestTenantIsolation" name="test_admin_cannot_list_all_schools" time="0.062" /><testcase classname="tests.test_my_school.TestTenantIsolation" name="test_admin_cannot_put_other_school_via_founder_endpoint" time="0.073" /><testcase classname="tests.test_my_school.TestTenantIsolation" name="test_admin_cannot_put_own_school_via_founder_endpoint" time="0.062" /><testcase classname="tests.test_my_school.TestTenantIsolation" name="test_a_and_b_isolated" time="0.128" /></testsuite></testsuites>