<?xml version="1.0" encoding="utf-8"?><testsuites name="pytest tests"><testsuite name="pytest" errors="0" failures="0" skipped="0" tests="105" time="48.692" timestamp="2026-08-28T08:08:21.253962+00:00" hostname="agent-env-8bb3fc67-c482-4b2e-83fd-e4f9ae0c0fb6"><testcase classname="tests.backend_test.TestAuth" name="test_health" time="0.142" /><testcase classname="tests.backend_test.TestAuth" name="test_founder_login" time="0.328" /><testcase classname="tests.backend_test.TestAuth" name="test_login_bad_password" time="0.384" /><testcase classname="tests.backend_test.TestAuth" name="test_me_via_cookie" time="0.054" /><testcase classname="tests.backend_test.TestAuth" name="test_me_without_cookie_401" time="0.112" /><testcase classname="tests.backend_test.TestAuth" name="test_logout" time="0.454" /><testcase classname="tests.backend_test.TestSchools" name="test_create_schools_and_list" time="0.630" /><testcase classname="tests.backend_test.TestSchools" name="test_duplicate_code_conflict" time="0.054" /><testcase classname="tests.backend_test.TestSchools" name="test_non_founder_cannot_create_school" time="0.371" /><testcase classname="tests.backend_test.TestMultiTenancy" name="test_admin_a_list_students_only_school_a" time="2.349" /><testcase classname="tests.backend_test.TestMultiTenancy" name="test_admin_a_cannot_get_school_b_user" time="0.048" /><testcase classname="tests.backend_test.TestMultiTenancy" name="test_admin_a_cannot_update_school_b_user" time="0.047" /><testcase classname="tests.backend_test.TestMultiTenancy" name="test_admin_a_classes_isolated" time="0.048" /><testcase classname="tests.backend_test.TestMultiTenancy" name="test_admin_a_sections_isolated" time="0.047" /><testcase classname="tests.backend_test.TestMultiTenancy" name="test_section_class_must_belong_to_school" time="0.048" /><testcase classname="tests.backend_test.TestMultiTenancy" name="test_founder_can_see_all_schools_users" time="0.054" /><testcase classname="tests.backend_test.TestRolePermissions" name="test_school_admin_cannot_create_school_admin" time="0.051" /><testcase classname="tests.backend_test.TestRolePermissions" name="test_school_admin_cannot_create_founder" time="0.050" /><testcase classname="tests.backend_test.TestRolePermissions" name="test_student_cannot_list_users" time="0.460" /><testcase classname="tests.backend_test.TestRolePermissions" name="test_parent_cannot_list_users" time="0.378" /><testcase classname="tests.backend_test.TestAttendance" name="test_teacher_marks_own_class" time="0.409" /><testcase classname="tests.backend_test.TestAttendance" name="test_teacher_cannot_mark_unassigned_class" time="0.385" /><testcase classname="tests.backend_test.TestAttendance" name="test_student_sees_only_own_attendance" time="0.435" /><testcase classname="tests.backend_test.TestAttendance" name="test_parent_sees_only_linked_child" time="0.427" /><testcase classname="tests.backend_test.TestDashboard" name="test_founder_stats" time="0.066" /><testcase classname="tests.backend_test.TestDashboard" name="test_school_admin_stats" time="0.053" /><testcase classname="tests.backend_test.TestDashboard" name="test_student_dashboard" time="0.399" /><testcase classname="tests.backend_test.TestAudit" name="test_founder_audit_global" time="0.066" /><testcase classname="tests.backend_test.TestAudit" name="test_school_admin_audit_scoped" time="0.049" /><testcase classname="tests.backend_test.TestAudit" name="test_student_cannot_read_audit" time="0.416" /><testcase classname="tests.backend_test.TestSoftDelete" name="test_archive_user_hides_from_list" time="0.367" /><testcase classname="tests.backend_test.TestSubjects" name="test_create_and_list_subject" time="0.096" /><testcase classname="tests.test_classroom.TestTeacherDashboard" name="test_dashboard_fields" time="4.673" /><testcase classname="tests.test_classroom.TestTeacherDashboard" name="test_my_classes_only_assigned" time="0.374" /><testcase classname="tests.test_classroom.TestTeacherDashboard" name="test_student_cannot_access_my_classes" time="0.379" /><testcase classname="tests.test_classroom.TestHomework" name="test_create_and_persist" time="0.477" /><testcase classname="tests.test_classroom.TestHomework" name="test_cannot_create_for_unassigned_class" time="0.414" /><testcase classname="tests.test_classroom.TestHomework" name="test_cannot_create_for_other_school_class" time="0.390" /><testcase classname="tests.test_classroom.TestHomework" name="test_student_sees_only_own_class" time="1.880" /><testcase classname="tests.test_classroom.TestHomework" name="test_parent_sees_only_child_class" time="0.453" /><testcase classname="tests.test_classroom.TestHomework" name="test_student_cannot_create" time="0.435" /><testcase classname="tests.test_classroom.TestHomework" name="test_teacher_cannot_delete_others_item" time="0.427" /><testcase classname="tests.test_classroom.TestHomework" name="test_teacher_can_delete_own" time="0.448" /><testcase classname="tests.test_classroom.TestHomework" name="test_student_cannot_delete" time="0.387" /><testcase classname="tests.test_classroom.TestMaterialsFile" name="test_upload_and_create_material_and_download" time="0.868" /><testcase classname="tests.test_classroom.TestMaterialsFile" name="test_download_requires_auth" time="0.120" /><testcase classname="tests.test_classroom.TestMaterialsFile" name="test_student_reads_material" time="0.397" /><testcase classname="tests.test_classroom.TestMaterialsFile" name="test_cross_school_material_hidden" time="0.428" /><testcase classname="tests.test_classroom.TestMaterialsFile" name="test_cross_school_delete_forbidden" time="0.363" /><testcase classname="tests.test_classroom.TestVideos" name="test_create_list_and_isolation" time="0.920" /><testcase classname="tests.test_classroom.TestVideos" name="test_teacher_cannot_create_video_unassigned" time="0.498" /><testcase classname="tests.test_classroom.TestAttendanceScoping" name="test_teacher_marks_assigned" time="0.416" /><testcase classname="tests.test_classroom.TestAttendanceScoping" name="test_teacher_blocked_unassigned" time="0.383" /><testcase classname="tests.test_classroom.TestAttendanceScoping" name="test_persistence" time="0.400" /><testcase classname="tests.test_classroom.TestSession" name="test_logout_clears_session" time="0.508" /><testcase classname="tests.test_classroom.TestSession" name="test_teacher_cannot_change_role_or_school" time="0.501" /><testcase classname="tests.test_founder_portal.TestFounderDashboard" name="test_stats_range[today]" time="0.925" /><testcase classname="tests.test_founder_portal.TestFounderDashboard" name="test_stats_range[week]" time="0.049" /><testcase classname="tests.test_founder_portal.TestFounderDashboard" name="test_stats_range[month]" time="0.053" /><testcase classname="tests.test_founder_portal.TestFounderDashboard" name="test_stats_range[year]" time="0.052" /><testcase classname="tests.test_founder_portal.TestFounderDashboard" name="test_stats_range[all]" time="0.055" /><testcase classname="tests.test_founder_portal.TestSchoolsExtended" name="test_extended_fields_persisted" time="0.050" /><testcase classname="tests.test_founder_portal.TestSchoolsExtended" name="test_duplicate_code_409" time="0.044" /><testcase classname="tests.test_founder_portal.TestSchoolsExtended" name="test_add_extra_admin" time="0.622" /><testcase classname="tests.test_founder_portal.TestSchoolsExtended" name="test_founder_only_school_routes" time="0.447" /><testcase classname="tests.test_founder_portal.TestSuspendReactivate" name="test_suspend_blocks_login" time="0.426" /><testcase classname="tests.test_founder_portal.TestSuspendReactivate" name="test_school_b_admin_still_can_login" time="0.338" /><testcase classname="tests.test_founder_portal.TestSuspendReactivate" name="test_reactivate_restores_login" time="0.397" /><testcase classname="tests.test_founder_portal.TestModuleControl" name="test_disable_attendance_blocks_it" time="0.450" /><testcase classname="tests.test_founder_portal.TestModuleControl" name="test_reenable_attendance" time="0.094" /><testcase classname="tests.test_founder_portal.TestModuleControl" name="test_invalid_module_rejected" time="0.056" /><testcase classname="tests.test_founder_portal.TestPlans" name="test_create_update_delete_plan" time="0.264" /><testcase classname="tests.test_founder_portal.TestPlans" name="test_plans_founder_only" time="0.389" /><testcase classname="tests.test_founder_portal.TestSubscription" name="test_set_subscription_persists" time="0.093" /><testcase classname="tests.test_founder_portal.TestGlobalUsers" name="test_founder_users_include_school_name" time="0.045" /><testcase classname="tests.test_founder_portal.TestGlobalUsers" name="test_disable_enable_school_admin_blocks_login" time="1.439" /><testcase classname="tests.test_founder_portal.TestGlobalSearch" name="test_search_by_school_code" time="0.046" /><testcase classname="tests.test_founder_portal.TestGlobalSearch" name="test_search_by_admin_email" time="0.043" /><testcase classname="tests.test_founder_portal.TestGlobalSearch" name="test_search_non_founder_forbidden" time="0.437" /><testcase classname="tests.test_founder_portal.TestAnnouncements" name="test_all_schools_target_visible_to_admin" time="0.458" /><testcase classname="tests.test_founder_portal.TestAnnouncements" name="test_targeted_isolation" time="0.910" /><testcase classname="tests.test_founder_portal.TestHealth" name="test_health" time="0.046" /><testcase classname="tests.test_founder_portal.TestPlatformSettings" name="test_get_and_update_settings" time="0.220" /><testcase classname="tests.test_founder_portal.TestAuditFounder" name="test_actions_recorded" time="0.050" /><testcase classname="tests.test_parent_portal.TestParentUserAccess" name="test_parent_can_get_linked_child1_profile" time="5.005" /><testcase classname="tests.test_parent_portal.TestParentUserAccess" name="test_parent_can_get_linked_child2_profile" time="0.439" /><testcase classname="tests.test_parent_portal.TestParentUserAccess" name="test_parent_cannot_get_unlinked_student" time="0.431" /><testcase classname="tests.test_parent_portal.TestParentUserAccess" name="test_parent_cannot_get_school_b_student" time="0.422" /><testcase classname="tests.test_parent_portal.TestParentHomeworkScoping" name="test_child1_homework_only_c1" time="0.390" /><testcase classname="tests.test_parent_portal.TestParentHomeworkScoping" name="test_child2_homework_only_c2" time="0.463" /><testcase classname="tests.test_parent_portal.TestParentHomeworkScoping" name="test_homework_unlinked_student_403" time="0.420" /><testcase classname="tests.test_parent_portal.TestParentHomeworkScoping" name="test_homework_school_b_student_403" time="0.423" /><testcase classname="tests.test_parent_portal.TestParentHomeworkScoping" name="test_parent_homework_no_student_id_shows_both_children" time="0.407" /><testcase classname="tests.test_parent_portal.TestParentHomeworkScoping" name="test_materials_scoped_per_child" time="0.544" /><testcase classname="tests.test_parent_portal.TestParentHomeworkScoping" name="test_videos_scoped_per_child" time="0.401" /><testcase classname="tests.test_parent_portal.TestParentHomeworkScoping" name="test_parent_cannot_create_homework" time="0.524" /><testcase classname="tests.test_parent_portal.TestParentAttendance" name="test_attendance_child1_scoped" time="0.445" /><testcase classname="tests.test_parent_portal.TestParentAttendance" name="test_attendance_child2_scoped" time="0.445" /><testcase classname="tests.test_parent_portal.TestParentAttendance" name="test_attendance_unlinked_403" time="0.477" /><testcase classname="tests.test_parent_portal.TestParentAttendance" name="test_attendance_default_shows_only_linked" time="0.472" /><testcase classname="tests.test_parent_portal.TestStudentRegression" name="test_student_homework_scoped_to_own_class" time="0.391" /><testcase classname="tests.test_parent_portal.TestStudentRegression" name="test_student_cannot_create_homework" time="0.438" /><testcase classname="tests.test_parent_portal.TestStudentRegression" name="test_student_cannot_delete_homework" time="0.886" /><testcase classname="tests.test_parent_portal.TestTeacherRegression" name="test_teacher_my_classes" time="0.425" /><testcase classname="tests.test_parent_portal.TestTeacherRegression" name="test_teacher_cannot_post_unassigned_class" time="0.409" /></testsuite></testsuites>