<?xml version="1.0" encoding="utf-8"?><testsuites name="pytest tests"><testsuite name="pytest" errors="0" failures="0" skipped="0" tests="28" time="9.830" timestamp="2026-08-28T07:37:25.382632+00:00" hostname="agent-env-8bb3fc67-c482-4b2e-83fd-e4f9ae0c0fb6"><testcase classname="tests.test_founder_portal.TestFounderDashboard" name="test_stats_range[today]" time="1.218" /><testcase classname="tests.test_founder_portal.TestFounderDashboard" name="test_stats_range[week]" time="0.068" /><testcase classname="tests.test_founder_portal.TestFounderDashboard" name="test_stats_range[month]" time="0.069" /><testcase classname="tests.test_founder_portal.TestFounderDashboard" name="test_stats_range[year]" time="0.069" /><testcase classname="tests.test_founder_portal.TestFounderDashboard" name="test_stats_range[all]" time="0.068" /><testcase classname="tests.test_founder_portal.TestSchoolsExtended" name="test_extended_fields_persisted" time="0.069" /><testcase classname="tests.test_founder_portal.TestSchoolsExtended" name="test_duplicate_code_409" time="0.067" /><testcase classname="tests.test_founder_portal.TestSchoolsExtended" name="test_add_extra_admin" time="0.700" /><testcase classname="tests.test_founder_portal.TestSchoolsExtended" name="test_founder_only_school_routes" time="0.469" /><testcase classname="tests.test_founder_portal.TestSuspendReactivate" name="test_suspend_blocks_login" time="0.474" /><testcase classname="tests.test_founder_portal.TestSuspendReactivate" name="test_school_b_admin_still_can_login" time="0.357" /><testcase classname="tests.test_founder_portal.TestSuspendReactivate" name="test_reactivate_restores_login" time="0.479" /><testcase classname="tests.test_founder_portal.TestModuleControl" name="test_disable_attendance_blocks_it" time="0.550" /><testcase classname="tests.test_founder_portal.TestModuleControl" name="test_reenable_attendance" time="0.137" /><testcase classname="tests.test_founder_portal.TestModuleControl" name="test_invalid_module_rejected" time="0.064" /><testcase classname="tests.test_founder_portal.TestPlans" name="test_create_update_delete_plan" time="0.405" /><testcase classname="tests.test_founder_portal.TestPlans" name="test_plans_founder_only" time="0.404" /><testcase classname="tests.test_founder_portal.TestSubscription" name="test_set_subscription_persists" time="0.137" /><testcase classname="tests.test_founder_portal.TestGlobalUsers" name="test_founder_users_include_school_name" time="0.070" /><testcase classname="tests.test_founder_portal.TestGlobalUsers" name="test_disable_enable_school_admin_blocks_login" time="1.461" /><testcase classname="tests.test_founder_portal.TestGlobalSearch" name="test_search_by_school_code" time="0.070" /><testcase classname="tests.test_founder_portal.TestGlobalSearch" name="test_search_by_admin_email" time="0.065" /><testcase classname="tests.test_founder_portal.TestGlobalSearch" name="test_search_non_founder_forbidden" time="0.376" /><testcase classname="tests.test_founder_portal.TestAnnouncements" name="test_all_schools_target_visible_to_admin" time="0.567" /><testcase classname="tests.test_founder_portal.TestAnnouncements" name="test_targeted_isolation" time="0.915" /><testcase classname="tests.test_founder_portal.TestHealth" name="test_health" time="0.067" /><testcase classname="tests.test_founder_portal.TestPlatformSettings" name="test_get_and_update_settings" time="0.263" /><testcase classname="tests.test_founder_portal.TestAuditFounder" name="test_actions_recorded" time="0.073" /></testsuite></testsuites>