<?xml version="1.0" encoding="utf-8"?><testsuites name="pytest tests"><testsuite name="pytest" errors="0" failures="0" skipped="0" tests="14" time="11.007" timestamp="2026-08-28T08:38:37.134041+00:00" hostname="agent-env-8bb3fc67-c482-4b2e-83fd-e4f9ae0c0fb6"><testcase classname="tests.test_pin_login.TestSetPinAndMe" name="test_set_pin_valid_and_me_shows_enabled" time="2.335" /><testcase classname="tests.test_pin_login.TestSetPinAndMe" name="test_refresh_also_hides_pin_hash" time="0.395" /><testcase classname="tests.test_pin_login.TestSetPinAndMe" name="test_set_pin_invalid_short" time="0.418" /><testcase classname="tests.test_pin_login.TestSetPinAndMe" name="test_set_pin_invalid_long" time="0.424" /><testcase classname="tests.test_pin_login.TestSetPinAndMe" name="test_set_pin_invalid_nonnumeric" time="0.419" /><testcase classname="tests.test_pin_login.TestSetPinAndMe" name="test_set_pin_requires_auth" time="0.114" /><testcase classname="tests.test_pin_login.TestPinLogin" name="test_pin_login_success_sets_cookies" time="1.117" /><testcase classname="tests.test_pin_login.TestPinLogin" name="test_pin_login_wrong_pin_401" time="0.353" /><testcase classname="tests.test_pin_login.TestPinLogin" name="test_pin_login_for_user_without_pin_401" time="0.141" /><testcase classname="tests.test_pin_login.TestPinLogin" name="test_pin_login_unknown_email_401" time="0.107" /><testcase classname="tests.test_pin_login.TestChangePin" name="test_change_pin_old_invalid_new_works" time="1.594" /><testcase classname="tests.test_pin_login.TestDisablePin" name="test_disable_pin_then_pin_login_fails_but_password_works" time="1.360" /><testcase classname="tests.test_pin_login.TestPinLoginGates" name="test_disabled_user_cannot_pin_login" time="1.273" /><testcase classname="tests.test_pin_login.TestPinLoginGates" name="test_suspended_school_blocks_pin_login" time="0.877" /></testsuite></testsuites>