<?xml version="1.0" encoding="utf-8"?><testsuites name="pytest tests"><testsuite name="pytest" errors="0" failures="0" skipped="0" tests="133" time="117.615" timestamp="2026-08-28T08:38:51.847499+00:00" hostname="agent-env-8bb3fc67-c482-4b2e-83fd-e4f9ae0c0fb6"><testcase classname="tests.backend_test.TestAuth" name="test_health" time="0.092" /><testcase classname="tests.backend_test.TestAuth" name="test_founder_login" time="0.335" /><testcase classname="tests.backend_test.TestAuth" name="test_login_bad_password" time="0.353" /><testcase classname="tests.backend_test.TestAuth" name="test_me_via_cookie" time="0.060" /><testcase classname="tests.backend_test.TestAuth" name="test_me_without_cookie_401" time="0.131" /><testcase classname="tests.backend_test.TestAuth" name="test_logout" time="0.441" /><testcase classname="tests.backend_test.TestSchools" name="test_create_schools_and_list" time="0.646" /><testcase classname="tests.backend_test.TestSchools" name="test_duplicate_code_conflict" time="0.056" /><testcase classname="tests.backend_test.TestSchools" name="test_non_founder_cannot_create_school" time="0.390" /><testcase classname="tests.backend_test.TestMultiTenancy" name="test_admin_a_list_students_only_school_a" time="2.416" /><testcase classname="tests.backend_test.TestMultiTenancy" name="test_admin_a_cannot_get_school_b_user" time="0.055" /><testcase classname="tests.backend_test.TestMultiTenancy" name="test_admin_a_cannot_update_school_b_user" time="0.056" /><testcase classname="tests.backend_test.TestMultiTenancy" name="test_admin_a_classes_isolated" time="0.056" /><testcase classname="tests.backend_test.TestMultiTenancy" name="test_admin_a_sections_isolated" time="0.055" /><testcase classname="tests.backend_test.TestMultiTenancy" name="test_section_class_must_belong_to_school" time="0.055" /><testcase classname="tests.backend_test.TestMultiTenancy" name="test_founder_can_see_all_schools_users" time="0.064" /><testcase classname="tests.backend_test.TestRolePermissions" name="test_school_admin_cannot_create_school_admin" time="0.055" /><testcase classname="tests.backend_test.TestRolePermissions" name="test_school_admin_cannot_create_founder" time="0.056" /><testcase classname="tests.backend_test.TestRolePermissions" name="test_student_cannot_list_users" time="0.378" /><testcase classname="tests.backend_test.TestRolePermissions" name="test_parent_cannot_list_users" time="0.430" /><testcase classname="tests.backend_test.TestAttendance" name="test_teacher_marks_own_class" time="0.412" /><testcase classname="tests.backend_test.TestAttendance" name="test_teacher_cannot_mark_unassigned_class" time="0.428" /><testcase classname="tests.backend_test.TestAttendance" name="test_student_sees_only_own_attendance" time="0.408" /><testcase classname="tests.backend_test.TestAttendance" name="test_parent_sees_only_linked_child" time="0.376" /><testcase classname="tests.backend_test.TestDashboard" name="test_founder_stats" time="0.066" /><testcase classname="tests.backend_test.TestDashboard" name="test_school_admin_stats" time="0.060" /><testcase classname="tests.backend_test.TestDashboard" name="test_student_dashboard" time="0.364" /><testcase classname="tests.backend_test.TestAudit" name="test_founder_audit_global" time="0.071" /><testcase classname="tests.backend_test.TestAudit" name="test_school_admin_audit_scoped" time="0.057" /><testcase classname="tests.backend_test.TestAudit" name="test_student_cannot_read_audit" time="0.385" /><testcase classname="tests.backend_test.TestSoftDelete" name="test_archive_user_hides_from_list" time="0.433" /><testcase classname="tests.backend_test.TestSubjects" name="test_create_and_list_subject" time="0.113" /><testcase classname="tests.test_classroom.TestTeacherDashboard" name="test_dashboard_fields" time="4.468" /><testcase classname="tests.test_classroom.TestTeacherDashboard" name="test_my_classes_only_assigned" time="0.426" /><testcase classname="tests.test_classroom.TestTeacherDashboard" name="test_student_cannot_access_my_classes" time="0.390" /><testcase classname="tests.test_classroom.TestHomework" name="test_create_and_persist" time="0.481" /><testcase classname="tests.test_classroom.TestHomework" name="test_cannot_create_for_unassigned_class" time="0.459" /><testcase classname="tests.test_classroom.TestHomework" name="test_cannot_create_for_other_school_class" time="0.470" /><testcase classname="tests.test_classroom.TestHomework" name="test_student_sees_only_own_class" time="0.901" /><testcase classname="tests.test_classroom.TestHomework" name="test_parent_sees_only_child_class" time="0.378" /><testcase classname="tests.test_classroom.TestHomework" name="test_student_cannot_create" time="0.484" /><testcase classname="tests.test_classroom.TestHomework" name="test_teacher_cannot_delete_others_item" time="0.426" /><testcase classname="tests.test_classroom.TestHomework" name="test_teacher_can_delete_own" time="0.480" /><testcase classname="tests.test_classroom.TestHomework" name="test_student_cannot_delete" time="0.445" /><testcase classname="tests.test_classroom.TestMaterialsFile" name="test_upload_and_create_material_and_download" time="0.895" /><testcase classname="tests.test_classroom.TestMaterialsFile" name="test_download_requires_auth" time="0.109" /><testcase classname="tests.test_classroom.TestMaterialsFile" name="test_student_reads_material" time="0.397" /><testcase classname="tests.test_classroom.TestMaterialsFile" name="test_cross_school_material_hidden" time="0.392" /><testcase classname="tests.test_classroom.TestMaterialsFile" name="test_cross_school_delete_forbidden" time="0.394" /><testcase classname="tests.test_classroom.TestVideos" name="test_create_list_and_isolation" time="0.844" /><testcase classname="tests.test_classroom.TestVideos" name="test_teacher_cannot_create_video_unassigned" time="0.383" /><testcase classname="tests.test_classroom.TestAttendanceScoping" name="test_teacher_marks_assigned" time="0.444" /><testcase classname="tests.test_classroom.TestAttendanceScoping" name="test_teacher_blocked_unassigned" time="0.406" /><testcase classname="tests.test_classroom.TestAttendanceScoping" name="test_persistence" time="0.460" /><testcase classname="tests.test_classroom.TestSession" name="test_logout_clears_session" time="0.439" /><testcase classname="tests.test_classroom.TestSession" name="test_teacher_cannot_change_role_or_school" time="0.511" /><testcase classname="tests.test_founder_portal.TestFounderDashboard" name="test_stats_range[today]" time="50.466" /><testcase classname="tests.test_founder_portal.TestFounderDashboard" name="test_stats_range[week]" time="0.061" /><testcase classname="tests.test_founder_portal.TestFounderDashboard" name="test_stats_range[month]" time="0.059" /><testcase classname="tests.test_founder_portal.TestFounderDashboard" name="test_stats_range[year]" time="0.059" /><testcase classname="tests.test_founder_portal.TestFounderDashboard" name="test_stats_range[all]" time="0.058" /><testcase classname="tests.test_founder_portal.TestSchoolsExtended" name="test_extended_fields_persisted" time="0.057" /><testcase classname="tests.test_founder_portal.TestSchoolsExtended" name="test_duplicate_code_409" time="0.054" /><testcase classname="tests.test_founder_portal.TestSchoolsExtended" name="test_add_extra_admin" time="0.702" /><testcase classname="tests.test_founder_portal.TestSchoolsExtended" name="test_founder_only_school_routes" time="0.478" /><testcase classname="tests.test_founder_portal.TestSuspendReactivate" name="test_suspend_blocks_login" time="0.382" /><testcase classname="tests.test_founder_portal.TestSuspendReactivate" name="test_school_b_admin_still_can_login" time="0.339" /><testcase classname="tests.test_founder_portal.TestSuspendReactivate" name="test_reactivate_restores_login" time="5.514" /><testcase classname="tests.test_founder_portal.TestModuleControl" name="test_disable_attendance_blocks_it" time="0.471" /><testcase classname="tests.test_founder_portal.TestModuleControl" name="test_reenable_attendance" time="0.110" /><testcase classname="tests.test_founder_portal.TestModuleControl" name="test_invalid_module_rejected" time="0.052" /><testcase classname="tests.test_founder_portal.TestPlans" name="test_create_update_delete_plan" time="0.324" /><testcase classname="tests.test_founder_portal.TestPlans" name="test_plans_founder_only" time="0.466" /><testcase classname="tests.test_founder_portal.TestSubscription" name="test_set_subscription_persists" time="0.111" /><testcase classname="tests.test_founder_portal.TestGlobalUsers" name="test_founder_users_include_school_name" time="0.079" /><testcase classname="tests.test_founder_portal.TestGlobalUsers" name="test_disable_enable_school_admin_blocks_login" time="1.419" /><testcase classname="tests.test_founder_portal.TestGlobalSearch" name="test_search_by_school_code" time="0.054" /><testcase classname="tests.test_founder_portal.TestGlobalSearch" name="test_search_by_admin_email" time="0.055" /><testcase classname="tests.test_founder_portal.TestGlobalSearch" name="test_search_non_founder_forbidden" time="0.414" /><testcase classname="tests.test_founder_portal.TestAnnouncements" name="test_all_schools_target_visible_to_admin" time="0.457" /><testcase classname="tests.test_founder_portal.TestAnnouncements" name="test_targeted_isolation" time="0.934" /><testcase classname="tests.test_founder_portal.TestHealth" name="test_health" time="0.057" /><testcase classname="tests.test_founder_portal.TestPlatformSettings" name="test_get_and_update_settings" time="0.214" /><testcase classname="tests.test_founder_portal.TestAuditFounder" name="test_actions_recorded" time="0.066" /><testcase classname="tests.test_my_school.TestGetMySchool" name="test_admin_gets_own_school" time="2.014" /><testcase classname="tests.test_my_school.TestGetMySchool" name="test_admin_b_gets_own_school_only" time="0.075" /><testcase classname="tests.test_my_school.TestGetMySchool" name="test_principal_can_read" time="0.388" /><testcase classname="tests.test_my_school.TestGetMySchool" name="test_founder_cannot_use_my_school" time="0.079" /><testcase classname="tests.test_my_school.TestUpdateMySchool" name="test_update_editable_fields_persists" time="0.103" /><testcase classname="tests.test_my_school.TestUpdateMySchool" name="test_founder_fields_ignored" time="0.150" /><testcase classname="tests.test_my_school.TestUpdateMySchool" name="test_principal_cannot_put" time="0.375" /><testcase classname="tests.test_my_school.TestUpdateMySchool" name="test_founder_cannot_put" time="0.079" /><testcase classname="tests.test_my_school.TestUpdateMySchool" name="test_empty_payload_rejected" time="0.048" /><testcase classname="tests.test_my_school.TestUpdateMySchool" name="test_only_founder_fields_payload_rejected" time="0.051" /><testcase classname="tests.test_my_school.TestTenantIsolation" name="test_admin_cannot_list_all_schools" time="0.049" /><testcase classname="tests.test_my_school.TestTenantIsolation" name="test_admin_cannot_put_other_school_via_founder_endpoint" time="0.050" /><testcase classname="tests.test_my_school.TestTenantIsolation" name="test_admin_cannot_put_own_school_via_founder_endpoint" time="0.049" /><testcase classname="tests.test_my_school.TestTenantIsolation" name="test_a_and_b_isolated" time="0.127" /><testcase classname="tests.test_parent_portal.TestParentUserAccess" name="test_parent_can_get_linked_child1_profile" time="4.999" /><testcase classname="tests.test_parent_portal.TestParentUserAccess" name="test_parent_can_get_linked_child2_profile" time="0.398" /><testcase classname="tests.test_parent_portal.TestParentUserAccess" name="test_parent_cannot_get_unlinked_student" time="0.398" /><testcase classname="tests.test_parent_portal.TestParentUserAccess" name="test_parent_cannot_get_school_b_student" time="0.391" /><testcase classname="tests.test_parent_portal.TestParentHomeworkScoping" name="test_child1_homework_only_c1" time="0.390" /><testcase classname="tests.test_parent_portal.TestParentHomeworkScoping" name="test_child2_homework_only_c2" time="0.414" /><testcase classname="tests.test_parent_portal.TestParentHomeworkScoping" name="test_homework_unlinked_student_403" time="0.385" /><testcase classname="tests.test_parent_portal.TestParentHomeworkScoping" name="test_homework_school_b_student_403" time="0.755" /><testcase classname="tests.test_parent_portal.TestParentHomeworkScoping" name="test_parent_homework_no_student_id_shows_both_children" time="1.023" /><testcase classname="tests.test_parent_portal.TestParentHomeworkScoping" name="test_materials_scoped_per_child" time="0.450" /><testcase classname="tests.test_parent_portal.TestParentHomeworkScoping" name="test_videos_scoped_per_child" time="0.501" /><testcase classname="tests.test_parent_portal.TestParentHomeworkScoping" name="test_parent_cannot_create_homework" time="0.380" /><testcase classname="tests.test_parent_portal.TestParentAttendance" name="test_attendance_child1_scoped" time="0.390" /><testcase classname="tests.test_parent_portal.TestParentAttendance" name="test_attendance_child2_scoped" time="0.408" /><testcase classname="tests.test_parent_portal.TestParentAttendance" name="test_attendance_unlinked_403" time="0.443" /><testcase classname="tests.test_parent_portal.TestParentAttendance" name="test_attendance_default_shows_only_linked" time="0.383" /><testcase classname="tests.test_parent_portal.TestStudentRegression" name="test_student_homework_scoped_to_own_class" time="0.388" /><testcase classname="tests.test_parent_portal.TestStudentRegression" name="test_student_cannot_create_homework" time="0.423" /><testcase classname="tests.test_parent_portal.TestStudentRegression" name="test_student_cannot_delete_homework" time="0.846" /><testcase classname="tests.test_parent_portal.TestTeacherRegression" name="test_teacher_my_classes" time="0.469" /><testcase classname="tests.test_parent_portal.TestTeacherRegression" name="test_teacher_cannot_post_unassigned_class" time="0.454" /><testcase classname="tests.test_pin_login.TestSetPinAndMe" name="test_set_pin_valid_and_me_shows_enabled" time="2.331" /><testcase classname="tests.test_pin_login.TestSetPinAndMe" name="test_refresh_also_hides_pin_hash" time="0.422" /><testcase classname="tests.test_pin_login.TestSetPinAndMe" name="test_set_pin_invalid_short" time="0.406" /><testcase classname="tests.test_pin_login.TestSetPinAndMe" name="test_set_pin_invalid_long" time="0.365" /><testcase classname="tests.test_pin_login.TestSetPinAndMe" name="test_set_pin_invalid_nonnumeric" time="0.413" /><testcase classname="tests.test_pin_login.TestSetPinAndMe" name="test_set_pin_requires_auth" time="0.165" /><testcase classname="tests.test_pin_login.TestPinLogin" name="test_pin_login_success_sets_cookies" time="1.031" /><testcase classname="tests.test_pin_login.TestPinLogin" name="test_pin_login_wrong_pin_401" time="0.350" /><testcase classname="tests.test_pin_login.TestPinLogin" name="test_pin_login_for_user_without_pin_401" time="0.106" /><testcase classname="tests.test_pin_login.TestPinLogin" name="test_pin_login_unknown_email_401" time="0.159" /><testcase classname="tests.test_pin_login.TestChangePin" name="test_change_pin_old_invalid_new_works" time="1.614" /><testcase classname="tests.test_pin_login.TestDisablePin" name="test_disable_pin_then_pin_login_fails_but_password_works" time="1.297" /><testcase classname="tests.test_pin_login.TestPinLoginGates" name="test_disabled_user_cannot_pin_login" time="1.388" /><testcase classname="tests.test_pin_login.TestPinLoginGates" name="test_suspended_school_blocks_pin_login" time="0.767" /></testsuite></testsuites>