<?xml version="1.0" encoding="utf-8"?><testsuites name="pytest tests"><testsuite name="pytest" errors="0" failures="0" skipped="0" tests="21" time="14.135" timestamp="2026-08-28T08:08:03.418236+00:00" hostname="agent-env-8bb3fc67-c482-4b2e-83fd-e4f9ae0c0fb6"><testcase classname="tests.test_parent_portal.TestParentUserAccess" name="test_parent_can_get_linked_child1_profile" time="5.100" /><testcase classname="tests.test_parent_portal.TestParentUserAccess" name="test_parent_can_get_linked_child2_profile" time="0.487" /><testcase classname="tests.test_parent_portal.TestParentUserAccess" name="test_parent_cannot_get_unlinked_student" time="0.412" /><testcase classname="tests.test_parent_portal.TestParentUserAccess" name="test_parent_cannot_get_school_b_student" time="0.404" /><testcase classname="tests.test_parent_portal.TestParentHomeworkScoping" name="test_child1_homework_only_c1" time="0.395" /><testcase classname="tests.test_parent_portal.TestParentHomeworkScoping" name="test_child2_homework_only_c2" time="0.455" /><testcase classname="tests.test_parent_portal.TestParentHomeworkScoping" name="test_homework_unlinked_student_403" time="0.390" /><testcase classname="tests.test_parent_portal.TestParentHomeworkScoping" name="test_homework_school_b_student_403" time="0.447" /><testcase classname="tests.test_parent_portal.TestParentHomeworkScoping" name="test_parent_homework_no_student_id_shows_both_children" time="0.405" /><testcase classname="tests.test_parent_portal.TestParentHomeworkScoping" name="test_materials_scoped_per_child" time="0.547" /><testcase classname="tests.test_parent_portal.TestParentHomeworkScoping" name="test_videos_scoped_per_child" time="0.374" /><testcase classname="tests.test_parent_portal.TestParentHomeworkScoping" name="test_parent_cannot_create_homework" time="0.396" /><testcase classname="tests.test_parent_portal.TestParentAttendance" name="test_attendance_child1_scoped" time="0.393" /><testcase classname="tests.test_parent_portal.TestParentAttendance" name="test_attendance_child2_scoped" time="0.410" /><testcase classname="tests.test_parent_portal.TestParentAttendance" name="test_attendance_unlinked_403" time="0.406" /><testcase classname="tests.test_parent_portal.TestParentAttendance" name="test_attendance_default_shows_only_linked" time="0.460" /><testcase classname="tests.test_parent_portal.TestStudentRegression" name="test_student_homework_scoped_to_own_class" time="0.457" /><testcase classname="tests.test_parent_portal.TestStudentRegression" name="test_student_cannot_create_homework" time="0.399" /><testcase classname="tests.test_parent_portal.TestStudentRegression" name="test_student_cannot_delete_homework" time="0.855" /><testcase classname="tests.test_parent_portal.TestTeacherRegression" name="test_teacher_my_classes" time="0.430" /><testcase classname="tests.test_parent_portal.TestTeacherRegression" name="test_teacher_cannot_post_unassigned_class" time="0.427" /></testsuite></testsuites>