<?xml version="1.0" encoding="utf-8"?><testsuites name="pytest tests"><testsuite name="pytest" errors="0" failures="0" skipped="0" tests="32" time="10.187" timestamp="2026-08-28T07:06:46.081290+00:00" hostname="agent-env-8bb3fc67-c482-4b2e-83fd-e4f9ae0c0fb6"><testcase classname="tests.backend_test.TestAuth" name="test_health" time="0.298" /><testcase classname="tests.backend_test.TestAuth" name="test_founder_login" time="0.509" /><testcase classname="tests.backend_test.TestAuth" name="test_login_bad_password" time="0.448" /><testcase classname="tests.backend_test.TestAuth" name="test_me_via_cookie" time="0.072" /><testcase classname="tests.backend_test.TestAuth" name="test_me_without_cookie_401" time="0.222" /><testcase classname="tests.backend_test.TestAuth" name="test_logout" time="0.659" /><testcase classname="tests.backend_test.TestRolePermissions" name="test_school_admin_cannot_create_school_admin" time="1.297" /><testcase classname="tests.backend_test.TestRolePermissions" name="test_school_admin_cannot_create_founder" time="0.226" /><testcase classname="tests.backend_test.TestMultiTenancy" name="test_admin_a_list_students_only_school_a" time="5.861" /><testcase classname="tests.backend_test.TestMultiTenancy" name="test_admin_a_cannot_get_school_b_user" time="0.093" /><testcase classname="tests.backend_test.TestMultiTenancy" name="test_admin_a_cannot_update_school_b_user" time="0.051" /><testcase classname="tests.backend_test.TestMultiTenancy" name="test_admin_a_classes_isolated" time="0.225" /><testcase classname="tests.backend_test.TestMultiTenancy" name="test_admin_a_sections_isolated" time="0.052" /><testcase classname="tests.backend_test.TestMultiTenancy" name="test_section_class_must_belong_to_school" time="0.235" /><testcase classname="tests.backend_test.TestMultiTenancy" name="test_founder_can_see_all_schools_users" time="0.073" /><testcase classname="tests.backend_test.TestSchools" name="test_create_schools_and_list" time="0.227" /><testcase classname="tests.backend_test.TestRolePermissions" name="test_student_cannot_list_users" time="3.460" /><testcase classname="tests.backend_test.TestSchools" name="test_duplicate_code_conflict" time="0.071" /><testcase classname="tests.backend_test.TestSchools" name="test_non_founder_cannot_create_school" time="0.269" /><testcase classname="tests.backend_test.TestDashboard" name="test_founder_stats" time="0.077" /><testcase classname="tests.backend_test.TestRolePermissions" name="test_parent_cannot_list_users" time="0.600" /><testcase classname="tests.backend_test.TestDashboard" name="test_school_admin_stats" time="0.068" /><testcase classname="tests.backend_test.TestDashboard" name="test_student_dashboard" time="0.552" /><testcase classname="tests.backend_test.TestAttendance" name="test_teacher_marks_own_class" time="0.396" /><testcase classname="tests.backend_test.TestAudit" name="test_founder_audit_global" time="0.298" /><testcase classname="tests.backend_test.TestAudit" name="test_school_admin_audit_scoped" time="0.053" /><testcase classname="tests.backend_test.TestAttendance" name="test_teacher_cannot_mark_unassigned_class" time="0.541" /><testcase classname="tests.backend_test.TestAudit" name="test_student_cannot_read_audit" time="0.573" /><testcase classname="tests.backend_test.TestAttendance" name="test_student_sees_only_own_attendance" time="0.663" /><testcase classname="tests.backend_test.TestSoftDelete" name="test_archive_user_hides_from_list" time="0.658" /><testcase classname="tests.backend_test.TestAttendance" name="test_parent_sees_only_linked_child" time="0.460" /><testcase classname="tests.backend_test.TestSubjects" name="test_create_and_list_subject" time="0.335" /></testsuite></testsuites>