<?xml version="1.0" encoding="utf-8"?><testsuites name="pytest tests"><testsuite name="pytest" errors="0" failures="0" skipped="0" tests="17" time="10.169" timestamp="2026-08-28T09:43:29.981910+00:00" hostname="agent-env-8bb3fc67-c482-4b2e-83fd-e4f9ae0c0fb6"><testcase classname="tests.test_qr_attendance.TestAuth" name="test_founder_login" time="0.557" /><testcase classname="tests.test_qr_attendance.TestAuth" name="test_auth_me" time="0.065" /><testcase classname="tests.test_qr_attendance.TestAuth" name="test_bad_password" time="0.355" /><testcase classname="tests.test_qr_attendance.TestAuth" name="test_logout" time="0.437" /><testcase classname="tests.test_qr_attendance.TestPlatformSettings" name="test_defaults_qr_true_biometric_false" time="0.063" /><testcase classname="tests.test_qr_attendance.TestPlatformSettings" name="test_toggle_persists" time="0.127" /><testcase classname="tests.test_qr_attendance.TestQrScan" name="test_scan_marks_present" time="4.193" /><testcase classname="tests.test_qr_attendance.TestQrScan" name="test_scan_duplicate_returns_already_marked" time="0.384" /><testcase classname="tests.test_qr_attendance.TestQrScan" name="test_scan_invalid_token" time="0.389" /><testcase classname="tests.test_qr_attendance.TestQrScan" name="test_scan_cross_school_forbidden" time="0.501" /><testcase classname="tests.test_qr_attendance.TestQrScan" name="test_scan_wrong_class_forbidden" time="0.398" /><testcase classname="tests.test_qr_attendance.TestQrScan" name="test_scan_mismatch_when_class_id_provided" time="0.402" /><testcase classname="tests.test_qr_attendance.TestQrRegenerate" name="test_regenerate_invalidates_old_token_but_keeps_history" time="0.552" /><testcase classname="tests.test_qr_attendance.TestFlagEnforcement" name="test_global_qr_off_blocks_scan" time="0.486" /><testcase classname="tests.test_qr_attendance.TestFlagEnforcement" name="test_school_qr_off_blocks_scan" time="0.517" /><testcase classname="tests.test_qr_attendance.TestBiometric" name="test_biometric_blocked_by_default" time="0.074" /><testcase classname="tests.test_qr_attendance.TestBiometric" name="test_biometric_requires_both_flags" time="0.586" /></testsuite></testsuites>